<?xml version="1.0" encoding="UTF-8"?>
<!-- Generated by org.testng.reporters.JUnitReportReporter -->
<testsuite hostname="LAPTOP-RGO8VE7Q" failures="0" tests="4" name="myAT.LoginAT" time="20.711" errors="0" timestamp="2024-01-21T15:23:41 IST" skipped="0">
  <testcase classname="myAT.LoginAT" name="enterLoginDetails" time="1.770"/>
  <testcase classname="myAT.LoginAT" name="navigateToMyReplicon" time="9.207"/>
  <testcase classname="myAT.LoginAT" name="TimeEntry" time="0.932"/>
  <testcase classname="myAT.LoginAT" name="launch" time="8.802"/>
</testsuite> <!-- myAT.LoginAT -->
