<?xml version="1.0" encoding="UTF-8"?>
<!-- Generated by org.testng.reporters.JUnitReportReporter -->
<testsuite hostname="LAPTOP-RGO8VE7Q" failures="0" tests="4" name="myAT.LoginAT" time="28.627" errors="0" timestamp="2024-01-30T20:38:50 IST" skipped="0">
  <testcase classname="myAT.LoginAT" name="launch" time="9.805"/>
  <testcase classname="myAT.LoginAT" name="enterLoginDetails" time="8.837"/>
  <testcase classname="myAT.LoginAT" name="navigateToMyReplicon" time="9.369"/>
  <testcase classname="myAT.LoginAT" name="TimeEntry" time="0.616"/>
</testsuite> <!-- myAT.LoginAT -->
