<?xml version="1.0" encoding="UTF-8"?>
<!-- Generated by org.testng.reporters.JUnitReportReporter -->
<testsuite hostname="LAPTOP-RGO8VE7Q" failures="0" tests="1" name="psatest.PSALogin" time="39.253" errors="0" timestamp="2024-02-12T19:49:01 IST" skipped="0">
  <testcase classname="psatest.PSALogin" name="Login" time="39.253"/>
</testsuite> <!-- psatest.PSALogin -->
